
SQL*Loader: Release 21.0.0.0.0 - Production on Ven. Févr. 16 17:59:28 2024
Version 21.3.0.0.0

Copyright (c) 1982, 2021, Oracle and/or its affiliates.  All rights reserved.

Fichier de contrôle :   autism_screening_loader.ctl
Jeu de caractères AL32UTF8 indiqué pour toutes les entrées.

Fichier de données :      data\\autism_screening.csv
  Fichier des enregistrements refusés :     autism_screening.bad
  Fichier de rebut :  aucune spécification

 (Allouer tous les rebuts)

Nombre à charger : ALL
Nombre à ignorer : 0
Erreurs autorisés : 50
Tableau de variables :     250 lignes, maximum de 1048576 octets
Continuation :    aucune spécification
Chemin utilisé:      Classique

Table AUTISM_SCREENING, chargé à partir de chaque enregistrement physique.
Option d'insertion en vigueur pour cette table : INSERT
option TRAILING NULLCOLS effective

   Nom de colonne                  Position   Long  Type de données encadr.
------------------------------ ---------- ----- ---- ---- ---------------------
A1_SCORE                            FIRST     *   ,  O(") CHARACTER            
A2_SCORE                             NEXT     *   ,  O(") CHARACTER            
A3_SCORE                             NEXT     *   ,  O(") CHARACTER            
A4_SCORE                             NEXT     *   ,  O(") CHARACTER            
A5_SCORE                             NEXT     *   ,  O(") CHARACTER            
A6_SCORE                             NEXT     *   ,  O(") CHARACTER            
A7_SCORE                             NEXT     *   ,  O(") CHARACTER            
A8_SCORE                             NEXT     *   ,  O(") CHARACTER            
A9_SCORE                             NEXT     *   ,  O(") CHARACTER            
A10_SCORE                            NEXT     *   ,  O(") CHARACTER            
AGE                                  NEXT     *   ,  O(") CHARACTER            
    chaîne SQL pour la colonne : "TO_NUMBER(:age, '999.9')"
GENDER                               NEXT     *   ,  O(") CHARACTER            
ETHNICITY                            NEXT     *   ,  O(") CHARACTER            
JAUNDICE                             NEXT     *   ,  O(") CHARACTER            
AUTISM                               NEXT     *   ,  O(") CHARACTER            
RESULT                               NEXT     *   ,  O(") CHARACTER            
    chaîne SQL pour la colonne : "TO_NUMBER(:result, '99.9')"
RELATION                             NEXT     *   ,  O(") CHARACTER            
CLASS_ASD                            NEXT     *   ,  O(") CHARACTER            

la valeur utilisée pour le paramètre ROWS est passée de 250 à 225
Enregistrement 35 : Rejeté - Erreur sur table AUTISM_SCREENING.
ORA-20001: Un enregistrement similaire existe déjà dans la table.
ORA-06512: à "SID.TRG_BEFORE_INSERT_AUTISM_SCREENING", ligne 29
ORA-04088: erreur lors d'exécution du déclencheur 'SID.TRG_BEFORE_INSERT_AUTISM_SCREENING'

Enregistrement 143 : Rejeté - Erreur sur table AUTISM_SCREENING.
ORA-02290: violation de contraintes (SID.AGE_CHK) de vérification

Enregistrement 330 : Rejeté - Erreur sur table AUTISM_SCREENING.
ORA-20001: Un enregistrement similaire existe déjà dans la table.
ORA-06512: à "SID.TRG_BEFORE_INSERT_AUTISM_SCREENING", ligne 29
ORA-04088: erreur lors d'exécution du déclencheur 'SID.TRG_BEFORE_INSERT_AUTISM_SCREENING'

Enregistrement 401 : Rejeté - Erreur sur table AUTISM_SCREENING.
ORA-20001: Un enregistrement similaire existe déjà dans la table.
ORA-06512: à "SID.TRG_BEFORE_INSERT_AUTISM_SCREENING", ligne 29
ORA-04088: erreur lors d'exécution du déclencheur 'SID.TRG_BEFORE_INSERT_AUTISM_SCREENING'

Enregistrement 405 : Rejeté - Erreur sur table AUTISM_SCREENING.
ORA-20001: Un enregistrement similaire existe déjà dans la table.
ORA-06512: à "SID.TRG_BEFORE_INSERT_AUTISM_SCREENING", ligne 29
ORA-04088: erreur lors d'exécution du déclencheur 'SID.TRG_BEFORE_INSERT_AUTISM_SCREENING'

Enregistrement 551 : Rejeté - Erreur sur table AUTISM_SCREENING.
ORA-20001: Un enregistrement similaire existe déjà dans la table.
ORA-06512: à "SID.TRG_BEFORE_INSERT_AUTISM_SCREENING", ligne 29
ORA-04088: erreur lors d'exécution du déclencheur 'SID.TRG_BEFORE_INSERT_AUTISM_SCREENING'

Enregistrement 588 : Rejeté - Erreur sur table AUTISM_SCREENING.
ORA-20001: Un enregistrement similaire existe déjà dans la table.
ORA-06512: à "SID.TRG_BEFORE_INSERT_AUTISM_SCREENING", ligne 29
ORA-04088: erreur lors d'exécution du déclencheur 'SID.TRG_BEFORE_INSERT_AUTISM_SCREENING'

Enregistrement 590 : Rejeté - Erreur sur table AUTISM_SCREENING.
ORA-20001: Un enregistrement similaire existe déjà dans la table.
ORA-06512: à "SID.TRG_BEFORE_INSERT_AUTISM_SCREENING", ligne 29
ORA-04088: erreur lors d'exécution du déclencheur 'SID.TRG_BEFORE_INSERT_AUTISM_SCREENING'

Enregistrement 674 : Rejeté - Erreur sur table AUTISM_SCREENING.
ORA-20001: Un enregistrement similaire existe déjà dans la table.
ORA-06512: à "SID.TRG_BEFORE_INSERT_AUTISM_SCREENING", ligne 29
ORA-04088: erreur lors d'exécution du déclencheur 'SID.TRG_BEFORE_INSERT_AUTISM_SCREENING'

Enregistrement 684 : Rejeté - Erreur sur table AUTISM_SCREENING.
ORA-20001: Un enregistrement similaire existe déjà dans la table.
ORA-06512: à "SID.TRG_BEFORE_INSERT_AUTISM_SCREENING", ligne 29
ORA-04088: erreur lors d'exécution du déclencheur 'SID.TRG_BEFORE_INSERT_AUTISM_SCREENING'

Enregistrement 772 : Rejeté - Erreur sur table AUTISM_SCREENING.
ORA-20001: Un enregistrement similaire existe déjà dans la table.
ORA-06512: à "SID.TRG_BEFORE_INSERT_AUTISM_SCREENING", ligne 29
ORA-04088: erreur lors d'exécution du déclencheur 'SID.TRG_BEFORE_INSERT_AUTISM_SCREENING'

Enregistrement 781 : Rejeté - Erreur sur table AUTISM_SCREENING.
ORA-20001: Un enregistrement similaire existe déjà dans la table.
ORA-06512: à "SID.TRG_BEFORE_INSERT_AUTISM_SCREENING", ligne 29
ORA-04088: erreur lors d'exécution du déclencheur 'SID.TRG_BEFORE_INSERT_AUTISM_SCREENING'

Enregistrement 841 : Rejeté - Erreur sur table AUTISM_SCREENING.
ORA-20001: Un enregistrement similaire existe déjà dans la table.
ORA-06512: à "SID.TRG_BEFORE_INSERT_AUTISM_SCREENING", ligne 29
ORA-04088: erreur lors d'exécution du déclencheur 'SID.TRG_BEFORE_INSERT_AUTISM_SCREENING'

Enregistrement 852 : Rejeté - Erreur sur table AUTISM_SCREENING.
ORA-20001: Un enregistrement similaire existe déjà dans la table.
ORA-06512: à "SID.TRG_BEFORE_INSERT_AUTISM_SCREENING", ligne 29
ORA-04088: erreur lors d'exécution du déclencheur 'SID.TRG_BEFORE_INSERT_AUTISM_SCREENING'

Enregistrement 894 : Rejeté - Erreur sur table AUTISM_SCREENING.
ORA-20001: Un enregistrement similaire existe déjà dans la table.
ORA-06512: à "SID.TRG_BEFORE_INSERT_AUTISM_SCREENING", ligne 29
ORA-04088: erreur lors d'exécution du déclencheur 'SID.TRG_BEFORE_INSERT_AUTISM_SCREENING'

Enregistrement 927 : Rejeté - Erreur sur table AUTISM_SCREENING.
ORA-20001: Un enregistrement similaire existe déjà dans la table.
ORA-06512: à "SID.TRG_BEFORE_INSERT_AUTISM_SCREENING", ligne 29
ORA-04088: erreur lors d'exécution du déclencheur 'SID.TRG_BEFORE_INSERT_AUTISM_SCREENING'


Table AUTISM_SCREENING :
  Chargement de 939 Lignes effectué.
  16 Lignes : chargement impossible dû à des erreurs de données.
  0 Lignes : chargement impossible car échec de toutes les clauses WHEN.
  0 Lignes : chargement impossible car tous les champs étaient non renseignés.


Espace affecté au tableau de variables :                1044900 octets(225 lignes)
Octets de tampon de lecture : 1048576

Nombre total d'enregistrements logiques ignorés :          0
Nombre total d'enregistrements logiques lus :           955
Nombre total d'enregistrements logiques rejetés :        16
Nombre total d'enregistrements logiques mis au rebut :        0

Le début de l'exécution a été effectué sur Ven. Févr. 16 17:59:28 2024
La fin de l'exécution a été effectuée sur Ven. Févr. 16 17:59:30 2024

Temps écoulé (ELAPSED) :     00:00:02.03
Temps processeur (CPU) :    00:00:00.07
