Requirement already satisfied: beautifulsoup4 in d:\python\anaconda\lib\site-packages (from -r requirements.txt (line 1)) (4.11.1)
Requirement already satisfied: pandas in d:\python\anaconda\lib\site-packages (from -r requirements.txt (line 2)) (1.4.4)
Requirement already satisfied: requests in d:\python\anaconda\lib\site-packages (from -r requirements.txt (line 3)) (2.28.1)
Requirement already satisfied: selenium in d:\python\anaconda\lib\site-packages (from -r requirements.txt (line 4)) (4.17.2)
Requirement already satisfied: urllib3 in d:\python\anaconda\lib\site-packages (from -r requirements.txt (line 5)) (1.26.11)
Requirement already satisfied: cx_Oracle in d:\python\anaconda\lib\site-packages (from -r requirements.txt (line 6)) (8.3.0)
Requirement already satisfied: soupsieve>1.2 in d:\python\anaconda\lib\site-packages (from beautifulsoup4->-r requirements.txt (line 1)) (2.3.1)
Requirement already satisfied: pytz>=2020.1 in d:\python\anaconda\lib\site-packages (from pandas->-r requirements.txt (line 2)) (2022.1)
Requirement already satisfied: python-dateutil>=2.8.1 in d:\python\anaconda\lib\site-packages (from pandas->-r requirements.txt (line 2)) (2.8.2)
Requirement already satisfied: numpy>=1.18.5 in d:\python\anaconda\lib\site-packages (from pandas->-r requirements.txt (line 2)) (1.24.3)
Requirement already satisfied: charset-normalizer<3,>=2 in d:\python\anaconda\lib\site-packages (from requests->-r requirements.txt (line 3)) (2.0.4)
Requirement already satisfied: idna<4,>=2.5 in d:\python\anaconda\lib\site-packages (from requests->-r requirements.txt (line 3)) (3.3)
Requirement already satisfied: certifi>=2017.4.17 in d:\python\anaconda\lib\site-packages (from requests->-r requirements.txt (line 3)) (2022.9.14)
Requirement already satisfied: trio~=0.17 in d:\python\anaconda\lib\site-packages (from selenium->-r requirements.txt (line 4)) (0.24.0)
Requirement already satisfied: trio-websocket~=0.9 in d:\python\anaconda\lib\site-packages (from selenium->-r requirements.txt (line 4)) (0.11.1)
Requirement already satisfied: typing_extensions>=4.9.0 in d:\python\anaconda\lib\site-packages (from selenium->-r requirements.txt (line 4)) (4.9.0)
Requirement already satisfied: six>=1.5 in d:\python\anaconda\lib\site-packages (from python-dateutil>=2.8.1->pandas->-r requirements.txt (line 2)) (1.16.0)
Requirement already satisfied: outcome in d:\python\anaconda\lib\site-packages (from trio~=0.17->selenium->-r requirements.txt (line 4)) (1.3.0.post0)
Requirement already satisfied: sortedcontainers in d:\python\anaconda\lib\site-packages (from trio~=0.17->selenium->-r requirements.txt (line 4)) (2.4.0)
Requirement already satisfied: sniffio>=1.3.0 in d:\python\anaconda\lib\site-packages (from trio~=0.17->selenium->-r requirements.txt (line 4)) (1.3.0)
Requirement already satisfied: cffi>=1.14 in d:\python\anaconda\lib\site-packages (from trio~=0.17->selenium->-r requirements.txt (line 4)) (1.15.1)
Requirement already satisfied: attrs>=20.1.0 in d:\python\anaconda\lib\site-packages (from trio~=0.17->selenium->-r requirements.txt (line 4)) (21.4.0)
Requirement already satisfied: exceptiongroup in d:\python\anaconda\lib\site-packages (from trio~=0.17->selenium->-r requirements.txt (line 4)) (1.2.0)
Requirement already satisfied: wsproto>=0.14 in d:\python\anaconda\lib\site-packages (from trio-websocket~=0.9->selenium->-r requirements.txt (line 4)) (1.2.0)
Requirement already satisfied: PySocks!=1.5.7,<2.0,>=1.5.6 in d:\python\anaconda\lib\site-packages (from urllib3->-r requirements.txt (line 5)) (1.7.1)
Requirement already satisfied: pycparser in d:\python\anaconda\lib\site-packages (from cffi>=1.14->trio~=0.17->selenium->-r requirements.txt (line 4)) (2.21)
Requirement already satisfied: h11<1,>=0.9.0 in d:\python\anaconda\lib\site-packages (from wsproto>=0.14->trio-websocket~=0.9->selenium->-r requirements.txt (line 4)) (0.14.0)
