
SQL*Loader: Release 21.0.0.0.0 - Production on Dim. Févr. 18 01:46:12 2024
Version 21.3.0.0.0

Copyright (c) 1982, 2021, Oracle and/or its affiliates.  All rights reserved.

Fichier de contrôle :   code/autism_screening_loader.ctl
Jeu de caractères AL32UTF8 indiqué pour toutes les entrées.

Fichier de données :      Autism_test_clean.csv
  Fichier des enregistrements refusés :     code/Autism_test_clean.bad
  Fichier de rebut :  aucune spécification

 (Allouer tous les rebuts)

Nombre à charger : ALL
Nombre à ignorer : 0
Erreurs autorisés : 50
Tableau de variables :     250 lignes, maximum de 1048576 octets
Continuation :    aucune spécification
Chemin utilisé:      Classique

Table AUTISM_SCREENING, chargé à partir de chaque enregistrement physique.
Option d'insertion en vigueur pour cette table : INSERT
option TRAILING NULLCOLS effective

   Nom de colonne                  Position   Long  Type de données encadr.
------------------------------ ---------- ----- ---- ---- ---------------------
A1_SCORE                            FIRST     *   ,  O(") CHARACTER            
A2_SCORE                             NEXT     *   ,  O(") CHARACTER            
A3_SCORE                             NEXT     *   ,  O(") CHARACTER            
A4_SCORE                             NEXT     *   ,  O(") CHARACTER            
A5_SCORE                             NEXT     *   ,  O(") CHARACTER            
A6_SCORE                             NEXT     *   ,  O(") CHARACTER            
A7_SCORE                             NEXT     *   ,  O(") CHARACTER            
A8_SCORE                             NEXT     *   ,  O(") CHARACTER            
A9_SCORE                             NEXT     *   ,  O(") CHARACTER            
A10_SCORE                            NEXT     *   ,  O(") CHARACTER            
AGE                                  NEXT     *   ,  O(") CHARACTER            
GENDER                               NEXT     *   ,  O(") CHARACTER            
ETHNICITY                            NEXT     *   ,  O(") CHARACTER            
JAUNDICE                             NEXT     *   ,  O(") CHARACTER            
AUTISM                               NEXT     *   ,  O(") CHARACTER            
RESULT                               NEXT     *   ,  O(") CHARACTER            
    chaîne SQL pour la colonne : "TO_NUMBER(:result, '99.9')"
RELATION                             NEXT     *   ,  O(") CHARACTER            
CLASS_ASD                            NEXT     *   ,  O(") CHARACTER            

la valeur utilisée pour le paramètre ROWS est passée de 250 à 225

Table AUTISM_SCREENING :
  Chargement de 939 Lignes effectué.
  0 Lignes : chargement impossible dû à des erreurs de données.
  0 Lignes : chargement impossible car échec de toutes les clauses WHEN.
  0 Lignes : chargement impossible car tous les champs étaient non renseignés.


Espace affecté au tableau de variables :                1044900 octets(225 lignes)
Octets de tampon de lecture : 1048576

Nombre total d'enregistrements logiques ignorés :          0
Nombre total d'enregistrements logiques lus :           939
Nombre total d'enregistrements logiques rejetés :         0
Nombre total d'enregistrements logiques mis au rebut :        0

Le début de l'exécution a été effectué sur Dim. Févr. 18 01:46:12 2024
La fin de l'exécution a été effectuée sur Dim. Févr. 18 01:46:14 2024

Temps écoulé (ELAPSED) :     00:00:01.77
Temps processeur (CPU) :    00:00:00.11
